16:31:24.651 [main] INFO  testCases.TC_001_AccountRegistrationTest - ***** TC_001_AccountRegistrationTest *****
16:31:24.951 [main] INFO  testCases.TC_001_AccountRegistrationTest - Clicked on My account link
16:31:25.572 [main] INFO  testCases.TC_001_AccountRegistrationTest - Clicked on register link
16:31:25.576 [main] INFO  testCases.TC_001_AccountRegistrationTest - Providing customer data
16:31:27.424 [main] INFO  testCases.TC_001_AccountRegistrationTest - Clicked on continue
16:32:04.765 [main] INFO  testCases.TC_001_AccountRegistrationTest - Validating expected message
21:06:00.612 [main] INFO  testCases.TC_001_AccountRegistrationTest - ***** TC_001_AccountRegistrationTest *****
21:06:01.943 [main] INFO  testCases.TC_001_AccountRegistrationTest - Clicked on register link
21:06:01.949 [main] INFO  testCases.TC_001_AccountRegistrationTest - Providing customer data
21:06:05.084 [main] INFO  testCases.TC_001_AccountRegistrationTest - Clicked on continue
21:06:05.184 [main] INFO  testCases.TC_001_AccountRegistrationTest - Validating expected message
21:07:25.478 [main] INFO  testCases.TC_001_AccountRegistrationTest - ***** TC_001_AccountRegistrationTest *****
21:07:26.346 [main] INFO  testCases.TC_001_AccountRegistrationTest - Clicked on register link
21:07:26.351 [main] INFO  testCases.TC_001_AccountRegistrationTest - Providing customer data
21:07:29.450 [main] INFO  testCases.TC_001_AccountRegistrationTest - Clicked on continue
21:07:29.550 [main] INFO  testCases.TC_001_AccountRegistrationTest - Validating expected message
21:09:47.959 [main] INFO  testCases.TC_001_AccountRegistrationTest - ***** TC_001_AccountRegistrationTest *****
21:09:49.294 [main] INFO  testCases.TC_001_AccountRegistrationTest - Clicked on register link
21:09:49.300 [main] INFO  testCases.TC_001_AccountRegistrationTest - Providing customer data
21:09:52.553 [main] INFO  testCases.TC_001_AccountRegistrationTest - Clicked on continue
21:09:52.652 [main] INFO  testCases.TC_001_AccountRegistrationTest - Validating expected message
21:12:30.553 [main] INFO  testCases.TC_001_AccountRegistrationTest - ***** TC_001_AccountRegistrationTest *****
21:12:31.893 [main] INFO  testCases.TC_001_AccountRegistrationTest - Clicked on register link
21:12:31.900 [main] INFO  testCases.TC_001_AccountRegistrationTest - Providing customer data
21:13:50.813 [main] INFO  testCases.TC_001_AccountRegistrationTest - Validating expected message
21:14:24.674 [main] INFO  testCases.TC_001_AccountRegistrationTest - ***** TC_001_AccountRegistrationTest *****
21:14:25.585 [main] INFO  testCases.TC_001_AccountRegistrationTest - Clicked on register link
21:14:25.591 [main] INFO  testCases.TC_001_AccountRegistrationTest - Providing customer data
21:14:28.709 [main] INFO  testCases.TC_001_AccountRegistrationTest - Clicked on continue
21:14:28.817 [main] INFO  testCases.TC_001_AccountRegistrationTest - Validating expected message
21:15:28.093 [main] INFO  testCases.TC_001_AccountRegistrationTest - ***** TC_001_AccountRegistrationTest *****
21:15:29.380 [main] INFO  testCases.TC_001_AccountRegistrationTest - Clicked on register link
21:15:29.385 [main] INFO  testCases.TC_001_AccountRegistrationTest - Providing customer data
21:15:32.238 [main] INFO  testCases.TC_001_AccountRegistrationTest - Clicked on continue
21:15:32.582 [main] INFO  testCases.TC_001_AccountRegistrationTest - Validating expected message
21:16:31.313 [main] INFO  testCases.TC_001_AccountRegistrationTest - ***** TC_001_AccountRegistrationTest *****
21:16:32.665 [main] INFO  testCases.TC_001_AccountRegistrationTest - Clicked on register link
21:16:32.670 [main] INFO  testCases.TC_001_AccountRegistrationTest - Providing customer data
21:16:35.850 [main] INFO  testCases.TC_001_AccountRegistrationTest - Clicked on continue
21:16:35.948 [main] INFO  testCases.TC_001_AccountRegistrationTest - Validating expected message
21:19:58.378 [main] INFO  testCases.TC_001_AccountRegistrationTest - ***** TC_001_AccountRegistrationTest *****
21:19:59.735 [main] INFO  testCases.TC_001_AccountRegistrationTest - Clicked on register link
21:19:59.740 [main] INFO  testCases.TC_001_AccountRegistrationTest - Providing customer data
21:20:03.969 [main] INFO  testCases.TC_001_AccountRegistrationTest - Clicked on Register button
21:20:04.072 [main] INFO  testCases.TC_001_AccountRegistrationTest - Validating expected message
21:23:39.521 [main] INFO  testCases.TC_001_AccountRegistrationTest - ***** TC_001_AccountRegistrationTest *****
21:23:40.392 [main] INFO  testCases.TC_001_AccountRegistrationTest - Clicked on register link
21:23:40.398 [main] INFO  testCases.TC_001_AccountRegistrationTest - Providing customer data
21:23:44.589 [main] INFO  testCases.TC_001_AccountRegistrationTest - Clicked on Register button
21:23:44.695 [main] INFO  testCases.TC_001_AccountRegistrationTest - Validating expected message
21:27:32.911 [main] INFO  testCases.TC_001_AccountRegistrationTest - ***** TC_001_AccountRegistrationTest *****
21:27:34.221 [main] INFO  testCases.TC_001_AccountRegistrationTest - Clicked on register link
21:27:34.225 [main] INFO  testCases.TC_001_AccountRegistrationTest - Providing customer data
21:27:38.432 [main] INFO  testCases.TC_001_AccountRegistrationTest - Clicked on Register button
21:27:38.522 [main] INFO  testCases.TC_001_AccountRegistrationTest - Validating expected message
21:34:02.996 [main] INFO  testCases.TC_001_AccountRegistrationTest - ***** TC_001_AccountRegistrationTest *****
21:34:04.322 [main] INFO  testCases.TC_001_AccountRegistrationTest - Clicked on register link
21:34:04.328 [main] INFO  testCases.TC_001_AccountRegistrationTest - Providing customer data
21:34:08.555 [main] INFO  testCases.TC_001_AccountRegistrationTest - Clicked on Register button
21:34:08.648 [main] INFO  testCases.TC_001_AccountRegistrationTest - Validating expected message
21:38:03.444 [main] INFO  testCases.TC_001_AccountRegistrationTest - ***** TC_001_AccountRegistrationTest *****
21:38:04.759 [main] INFO  testCases.TC_001_AccountRegistrationTest - Clicked on register link
21:38:04.765 [main] INFO  testCases.TC_001_AccountRegistrationTest - Providing customer data
21:38:08.865 [main] INFO  testCases.TC_001_AccountRegistrationTest - Clicked on Register button
21:38:08.971 [main] INFO  testCases.TC_001_AccountRegistrationTest - Validating expected message
21:43:51.602 [main] INFO  testCases.TC_001_AccountRegistrationTest - ***** TC_001_AccountRegistrationTest *****
21:43:52.917 [main] INFO  testCases.TC_001_AccountRegistrationTest - Clicked on register link
21:43:52.922 [main] INFO  testCases.TC_001_AccountRegistrationTest - Providing customer data
21:43:57.015 [main] INFO  testCases.TC_001_AccountRegistrationTest - Clicked on Register button
21:43:57.113 [main] INFO  testCases.TC_001_AccountRegistrationTest - Validating expected message
21:48:57.268 [main] INFO  testCases.TC_001_AccountRegistrationTest - ***** TC_001_AccountRegistrationTest *****
21:48:58.147 [main] INFO  testCases.TC_001_AccountRegistrationTest - Clicked on register link
21:48:58.152 [main] INFO  testCases.TC_001_AccountRegistrationTest - Providing customer data
21:49:02.297 [main] INFO  testCases.TC_001_AccountRegistrationTest - Clicked on Register button
21:49:02.400 [main] INFO  testCases.TC_001_AccountRegistrationTest - Validating expected message
22:20:03.904 [main] INFO  testCases.TC_001_AccountRegistrationTest - ***** TC_001_AccountRegistrationTest *****
22:20:04.812 [main] INFO  testCases.TC_001_AccountRegistrationTest - Clicked on register link
22:20:04.818 [main] INFO  testCases.TC_001_AccountRegistrationTest - Providing customer data
22:20:09.029 [main] INFO  testCases.TC_001_AccountRegistrationTest - Clicked on Register button
22:20:09.030 [main] INFO  testCases.TC_001_AccountRegistrationTest - ***  Finished TC_001_AccountRegistrationTest ***
22:25:42.951 [main] INFO  testCases.TC_001_AccountRegistrationTest - ***** TC_001_AccountRegistrationTest *****
22:25:44.269 [main] INFO  testCases.TC_001_AccountRegistrationTest - Clicked on register link
22:25:44.275 [main] INFO  testCases.TC_001_AccountRegistrationTest - Providing customer data
22:25:48.419 [main] INFO  testCases.TC_001_AccountRegistrationTest - Clicked on Register button
22:25:48.514 [main] INFO  testCases.TC_001_AccountRegistrationTest - Validating expected message
22:29:16.732 [main] INFO  testCases.TC_001_AccountRegistrationTest - ***** TC_001_AccountRegistrationTest *****
22:29:18.033 [main] INFO  testCases.TC_001_AccountRegistrationTest - Clicked on register link
22:29:18.038 [main] INFO  testCases.TC_001_AccountRegistrationTest - Providing customer data
22:29:22.157 [main] INFO  testCases.TC_001_AccountRegistrationTest - Clicked on Register button
22:29:22.260 [main] INFO  testCases.TC_001_AccountRegistrationTest - Validating expected message
22:38:10.889 [main] INFO  testCases.TC_001_AccountRegistrationTest - ***** TC_001_AccountRegistrationTest *****
22:38:12.164 [main] INFO  testCases.TC_001_AccountRegistrationTest - Clicked on register link
22:38:12.170 [main] INFO  testCases.TC_001_AccountRegistrationTest - Providing customer data
22:38:16.323 [main] INFO  testCases.TC_001_AccountRegistrationTest - Clicked on Register button
22:38:16.411 [main] INFO  testCases.TC_001_AccountRegistrationTest - Validating expected message
22:38:16.424 [main] INFO  testCases.TC_001_AccountRegistrationTest - ***  Finished TC_001_AccountRegistrationTest ***
23:08:19.889 [main] INFO  testCases.TC_001_AccountRegistrationTest - ***** TC_001_AccountRegistrationTest *****
23:08:21.200 [main] INFO  testCases.TC_001_AccountRegistrationTest - Clicked on register link
23:08:21.205 [main] INFO  testCases.TC_001_AccountRegistrationTest - Providing customer data
23:08:25.085 [main] INFO  testCases.TC_001_AccountRegistrationTest - Clicked on Register button
23:08:25.426 [main] INFO  testCases.TC_001_AccountRegistrationTest - Validating expected message
23:08:25.430 [main] INFO  testCases.TC_001_AccountRegistrationTest - ***  Finished TC_001_AccountRegistrationTest ***
23:14:03.078 [main] INFO  testCases.TC_001_AccountRegistrationTest - ***** TC_001_AccountRegistrationTest *****
23:14:04.363 [main] INFO  testCases.TC_001_AccountRegistrationTest - Clicked on register link
23:14:04.368 [main] INFO  testCases.TC_001_AccountRegistrationTest - Providing customer data
23:14:08.530 [main] INFO  testCases.TC_001_AccountRegistrationTest - Clicked on Register button
23:14:08.625 [main] INFO  testCases.TC_001_AccountRegistrationTest - Validating expected message
23:14:08.630 [main] INFO  testCases.TC_001_AccountRegistrationTest - ***  Finished TC_001_AccountRegistrationTest ***
23:15:47.387 [main] INFO  testCases.TC_001_AccountRegistrationTest - ***** TC_001_AccountRegistrationTest *****
23:15:48.727 [main] INFO  testCases.TC_001_AccountRegistrationTest - Clicked on register link
23:15:48.734 [main] INFO  testCases.TC_001_AccountRegistrationTest - Providing customer data
23:15:52.908 [main] INFO  testCases.TC_001_AccountRegistrationTest - Clicked on Register button
23:15:53.011 [main] INFO  testCases.TC_001_AccountRegistrationTest - Validating expected message
23:15:53.015 [main] INFO  testCases.TC_001_AccountRegistrationTest - ***  Finished TC_001_AccountRegistrationTest ***
16:42:43.719 [main] INFO  testCases.TC_001_AccountRegistrationTest - ***** TC_001_AccountRegistrationTest *****
16:43:17.730 [main] INFO  testCases.TC_001_AccountRegistrationTest - Clicked on register link
16:43:17.741 [main] INFO  testCases.TC_001_AccountRegistrationTest - Providing customer data
16:43:17.790 [main] ERROR testCases.TC_001_AccountRegistrationTest - test failed
16:44:16.212 [main] INFO  testCases.TC_001_AccountRegistrationTest - ***** TC_001_AccountRegistrationTest *****
16:44:25.264 [main] ERROR testCases.TC_001_AccountRegistrationTest - test failed
16:45:34.659 [main] INFO  testCases.TC_001_AccountRegistrationTest - ***** TC_001_AccountRegistrationTest *****
16:45:36.162 [main] INFO  testCases.TC_001_AccountRegistrationTest - Clicked on register link
16:45:36.166 [main] INFO  testCases.TC_001_AccountRegistrationTest - Providing customer data
16:45:41.529 [main] INFO  testCases.TC_001_AccountRegistrationTest - Clicked on Register button
16:45:41.620 [main] INFO  testCases.TC_001_AccountRegistrationTest - Validating expected message
16:45:41.625 [main] INFO  testCases.TC_001_AccountRegistrationTest - ***  Finished TC_001_AccountRegistrationTest ***
17:02:05.471 [main] INFO  testCases.TC_001_AccountRegistrationTest - ***** TC_001_AccountRegistrationTest *****
17:02:06.772 [main] INFO  testCases.TC_001_AccountRegistrationTest - Clicked on register link
17:02:06.779 [main] INFO  testCases.TC_001_AccountRegistrationTest - Providing customer data
17:02:12.282 [main] INFO  testCases.TC_001_AccountRegistrationTest - Clicked on Register button
17:02:12.366 [main] INFO  testCases.TC_001_AccountRegistrationTest - Validating expected message
17:02:12.371 [main] INFO  testCases.TC_001_AccountRegistrationTest - ***  Finished TC_001_AccountRegistrationTest ***
17:03:53.723 [TestNG-tests-2] INFO  testCases.TC_001_AccountRegistrationTest - ***** TC_001_AccountRegistrationTest *****
17:03:54.056 [TestNG-tests-1] INFO  testCases.TC_001_AccountRegistrationTest - ***** TC_001_AccountRegistrationTest *****
17:03:55.537 [TestNG-tests-2] INFO  testCases.TC_001_AccountRegistrationTest - Clicked on register link
17:03:55.544 [TestNG-tests-2] INFO  testCases.TC_001_AccountRegistrationTest - Providing customer data
17:03:55.908 [TestNG-tests-1] INFO  testCases.TC_001_AccountRegistrationTest - Clicked on register link
17:03:55.914 [TestNG-tests-1] INFO  testCases.TC_001_AccountRegistrationTest - Providing customer data
17:03:59.859 [TestNG-tests-3] INFO  testCases.TC_001_AccountRegistrationTest - ***** TC_001_AccountRegistrationTest *****
17:04:01.008 [TestNG-tests-2] INFO  testCases.TC_001_AccountRegistrationTest - Clicked on Register button
17:04:01.091 [TestNG-tests-2] INFO  testCases.TC_001_AccountRegistrationTest - Validating expected message
17:04:01.096 [TestNG-tests-2] INFO  testCases.TC_001_AccountRegistrationTest - ***  Finished TC_001_AccountRegistrationTest ***
17:04:01.534 [TestNG-tests-3] INFO  testCases.TC_001_AccountRegistrationTest - Clicked on register link
17:04:01.535 [TestNG-tests-3] INFO  testCases.TC_001_AccountRegistrationTest - Providing customer data
17:04:01.937 [TestNG-tests-1] INFO  testCases.TC_001_AccountRegistrationTest - Clicked on Register button
17:04:02.052 [TestNG-tests-1] INFO  testCases.TC_001_AccountRegistrationTest - Validating expected message
17:04:02.053 [TestNG-tests-1] INFO  testCases.TC_001_AccountRegistrationTest - ***  Finished TC_001_AccountRegistrationTest ***
17:04:05.646 [TestNG-tests-3] INFO  testCases.TC_001_AccountRegistrationTest - Clicked on Register button
17:04:05.737 [TestNG-tests-3] INFO  testCases.TC_001_AccountRegistrationTest - Validating expected message
17:04:05.738 [TestNG-tests-3] INFO  testCases.TC_001_AccountRegistrationTest - ***  Finished TC_001_AccountRegistrationTest ***
18:16:14.299 [main] INFO  testCases.TC_001_AccountRegistrationTest - ***** TC_001_AccountRegistrationTest *****
18:16:15.519 [main] INFO  testCases.TC_001_AccountRegistrationTest - Clicked on register link
18:16:15.524 [main] INFO  testCases.TC_001_AccountRegistrationTest - Providing customer data
18:16:19.821 [main] INFO  testCases.TC_001_AccountRegistrationTest - Clicked on Register button
18:16:19.900 [main] INFO  testCases.TC_001_AccountRegistrationTest - Validating expected message
18:16:19.904 [main] INFO  testCases.TC_001_AccountRegistrationTest - ***  Finished TC_001_AccountRegistrationTest ***
22:10:41.625 [main] INFO  testCases.TC_001_AccountRegistrationTest - ***** TC_001_AccountRegistrationTest *****
22:10:43.082 [main] INFO  testCases.TC_001_AccountRegistrationTest - Clicked on register link
22:10:43.088 [main] INFO  testCases.TC_001_AccountRegistrationTest - Providing customer data
22:10:47.358 [main] INFO  testCases.TC_001_AccountRegistrationTest - Clicked on Register button
22:10:47.459 [main] INFO  testCases.TC_001_AccountRegistrationTest - Validating expected message
22:10:47.464 [main] INFO  testCases.TC_001_AccountRegistrationTest - ***  Finished TC_001_AccountRegistrationTest ***
22:13:35.421 [main] INFO  testCases.TC_001_AccountRegistrationTest - ***** TC_001_AccountRegistrationTest *****
22:13:36.810 [main] INFO  testCases.TC_001_AccountRegistrationTest - Clicked on register link
22:13:36.817 [main] INFO  testCases.TC_001_AccountRegistrationTest - Providing customer data
22:13:40.994 [main] INFO  testCases.TC_001_AccountRegistrationTest - Clicked on Register button
22:13:41.090 [main] INFO  testCases.TC_001_AccountRegistrationTest - Validating expected message
22:13:41.094 [main] INFO  testCases.TC_001_AccountRegistrationTest - ***  Finished TC_001_AccountRegistrationTest ***
22:15:57.077 [main] INFO  testCases.TC_001_AccountRegistrationTest - ***** TC_001_AccountRegistrationTest *****
22:15:58.565 [main] INFO  testCases.TC_001_AccountRegistrationTest - Clicked on register link
22:15:58.570 [main] INFO  testCases.TC_001_AccountRegistrationTest - Providing customer data
22:16:03.110 [main] INFO  testCases.TC_001_AccountRegistrationTest - Clicked on Register button
22:16:03.209 [main] INFO  testCases.TC_001_AccountRegistrationTest - Validating expected message
22:16:03.213 [main] INFO  testCases.TC_001_AccountRegistrationTest - ***  Finished TC_001_AccountRegistrationTest ***
22:19:30.416 [main] INFO  testCases.TC_001_AccountRegistrationTest - ***** TC_001_AccountRegistrationTest *****
22:19:31.853 [main] INFO  testCases.TC_001_AccountRegistrationTest - Clicked on register link
22:19:31.857 [main] INFO  testCases.TC_001_AccountRegistrationTest - Providing customer data
22:19:36.144 [main] INFO  testCases.TC_001_AccountRegistrationTest - Clicked on Register button
22:19:36.238 [main] INFO  testCases.TC_001_AccountRegistrationTest - Validating expected message
22:19:36.243 [main] INFO  testCases.TC_001_AccountRegistrationTest - ***  Finished TC_001_AccountRegistrationTest ***
23:26:50.217 [main] INFO  testCases.TC_001_AccountRegistrationTest - ***** TC_001_AccountRegistrationTest *****
23:26:51.495 [main] INFO  testCases.TC_001_AccountRegistrationTest - Clicked on register link
23:26:51.503 [main] INFO  testCases.TC_001_AccountRegistrationTest - Providing customer data
23:26:56.009 [main] INFO  testCases.TC_001_AccountRegistrationTest - Clicked on Register button
23:26:56.098 [main] INFO  testCases.TC_001_AccountRegistrationTest - Validating expected message
23:26:56.103 [main] INFO  testCases.TC_001_AccountRegistrationTest - ***  Finished TC_001_AccountRegistrationTest ***
23:29:01.706 [main] INFO  testCases.TC_001_AccountRegistrationTest - ***** TC_001_AccountRegistrationTest *****
23:29:03.333 [main] INFO  testCases.TC_001_AccountRegistrationTest - Clicked on register link
23:29:03.339 [main] INFO  testCases.TC_001_AccountRegistrationTest - Providing customer data
23:29:06.615 [main] INFO  testCases.TC_001_AccountRegistrationTest - Clicked on Register button
23:30:46.737 [main] INFO  testCases.TC_001_AccountRegistrationTest - Validating expected message
21:40:11.929 [main] INFO  testCases.TC_001_AccountRegistrationTest - ***** TC_001_AccountRegistrationTest *****
21:40:13.032 [main] INFO  testCases.TC_001_AccountRegistrationTest - Clicked on register link
21:40:13.041 [main] INFO  testCases.TC_001_AccountRegistrationTest - Providing customer data
21:41:53.132 [main] ERROR testCases.TC_001_AccountRegistrationTest - test failed
23:52:47.071 [main] INFO  testCases.TC_003_LoginDataDrivenTest_DDT - *** Starting TC_LoginDataDrivenTest DDT ***
23:52:48.562 [main] INFO  testCases.TC_003_LoginDataDrivenTest_DDT - *** Clicked on Login Link ***
23:52:48.565 [main] INFO  testCases.TC_003_LoginDataDrivenTest_DDT - *** Providing Login Details ***
23:54:29.177 [main] INFO  testCases.TC_003_LoginDataDrivenTest_DDT - *** Starting TC_LoginDataDrivenTest DDT ***
23:56:09.718 [main] INFO  testCases.TC_003_LoginDataDrivenTest_DDT - *** Starting TC_LoginDataDrivenTest DDT ***
23:57:50.165 [main] INFO  testCases.TC_003_LoginDataDrivenTest_DDT - *** Starting TC_LoginDataDrivenTest DDT ***
10:53:08.874 [main] INFO  testCases.TC_001_AccountRegistrationTest - ***** TC_001_AccountRegistrationTest *****
10:53:09.961 [main] INFO  testCases.TC_001_AccountRegistrationTest - Clicked on register link
10:53:09.965 [main] INFO  testCases.TC_001_AccountRegistrationTest - Providing customer data
10:54:50.051 [main] ERROR testCases.TC_001_AccountRegistrationTest - test failed
10:54:57.063 [main] INFO  testCases.TC_002_LoginTest - *** Starting TC_002_LoginTest ****
10:54:58.320 [main] INFO  testCases.TC_002_LoginTest - *** Clicked on Login Link ***
10:54:58.324 [main] INFO  testCases.TC_002_LoginTest - *** Providing Login Details ***
13:50:07.252 [main] INFO  testCases.TC_001_AccountRegistrationTest - ***** TC_001_AccountRegistrationTest *****
13:50:08.313 [main] INFO  testCases.TC_001_AccountRegistrationTest - Clicked on register link
13:50:08.319 [main] INFO  testCases.TC_001_AccountRegistrationTest - Providing customer data
13:51:48.374 [main] ERROR testCases.TC_001_AccountRegistrationTest - test failed
13:51:54.444 [main] INFO  testCases.TC_002_LoginTest - *** Starting TC_002_LoginTest ****
13:51:55.452 [main] INFO  testCases.TC_002_LoginTest - *** Clicked on Login Link ***
13:51:55.455 [main] INFO  testCases.TC_002_LoginTest - *** Providing Login Details ***
14:01:44.238 [main] INFO  testCases.TC_002_LoginTest - *** Starting TC_002_LoginTest ****
14:01:45.861 [main] INFO  testCases.TC_002_LoginTest - *** Clicked on Login Link ***
14:01:45.867 [main] INFO  testCases.TC_002_LoginTest - *** Providing Login Details ***
14:03:03.200 [main] INFO  testCases.TC_002_LoginTest - *** Starting TC_002_LoginTest ****
14:03:04.480 [main] INFO  testCases.TC_002_LoginTest - *** Clicked on Login Link ***
14:03:04.483 [main] INFO  testCases.TC_002_LoginTest - *** Providing Login Details ***
14:05:45.033 [main] INFO  testCases.TC_002_LoginTest - *** Starting TC_002_LoginTest ****
14:05:46.296 [main] INFO  testCases.TC_002_LoginTest - *** Clicked on Login Link ***
14:05:46.299 [main] INFO  testCases.TC_002_LoginTest - *** Providing Login Details ***
14:07:54.091 [main] INFO  testCases.TC_002_LoginTest - *** Starting TC_002_LoginTest ****
14:07:55.386 [main] INFO  testCases.TC_002_LoginTest - *** Clicked on Login Link ***
14:07:55.389 [main] INFO  testCases.TC_002_LoginTest - *** Providing Login Details ***
14:09:32.088 [main] INFO  testCases.TC_002_LoginTest - *** Starting TC_002_LoginTest ****
14:09:33.396 [main] INFO  testCases.TC_002_LoginTest - *** Clicked on Login Link ***
14:09:33.399 [main] INFO  testCases.TC_002_LoginTest - *** Providing Login Details ***
14:11:56.684 [main] INFO  testCases.TC_002_LoginTest - *** Starting TC_002_LoginTest ****
14:11:57.966 [main] INFO  testCases.TC_002_LoginTest - *** Clicked on Login Link ***
14:11:57.971 [main] INFO  testCases.TC_002_LoginTest - *** Providing Login Details ***
14:15:01.730 [main] INFO  testCases.TC_002_LoginTest - *** Starting TC_002_LoginTest ****
14:15:03.083 [main] INFO  testCases.TC_002_LoginTest - *** Clicked on Login Link ***
14:15:03.086 [main] INFO  testCases.TC_002_LoginTest - *** Providing Login Details ***
14:18:20.219 [main] INFO  testCases.TC_002_LoginTest - *** Starting TC_002_LoginTest ****
14:18:21.592 [main] INFO  testCases.TC_002_LoginTest - *** Clicked on Login Link ***
14:18:21.594 [main] INFO  testCases.TC_002_LoginTest - *** Providing Login Details ***
14:19:56.446 [main] INFO  testCases.TC_001_AccountRegistrationTest - ***** TC_001_AccountRegistrationTest *****
14:19:57.815 [main] INFO  testCases.TC_001_AccountRegistrationTest - Clicked on register link
14:19:57.820 [main] INFO  testCases.TC_001_AccountRegistrationTest - Providing customer data
14:20:02.072 [main] INFO  testCases.TC_001_AccountRegistrationTest - Clicked on Register button
14:20:02.175 [main] INFO  testCases.TC_001_AccountRegistrationTest - Validating expected message
14:20:02.179 [main] INFO  testCases.TC_001_AccountRegistrationTest - ***  Finished TC_001_AccountRegistrationTest ***
14:22:07.862 [main] INFO  testCases.TC_002_LoginTest - *** Starting TC_002_LoginTest ****
14:22:09.131 [main] INFO  testCases.TC_002_LoginTest - *** Clicked on Login Link ***
14:22:09.134 [main] INFO  testCases.TC_002_LoginTest - *** Providing Login Details ***
14:24:16.132 [main] INFO  testCases.TC_003_LoginDataDrivenTest_DDT - *** Starting TC_LoginDataDrivenTest DDT ***
14:24:17.721 [main] INFO  testCases.TC_003_LoginDataDrivenTest_DDT - *** Clicked on Login Link ***
14:24:17.724 [main] INFO  testCases.TC_003_LoginDataDrivenTest_DDT - *** Providing Login Details ***
14:24:18.148 [main] INFO  testCases.TC_003_LoginDataDrivenTest_DDT - *** Starting TC_LoginDataDrivenTest DDT ***
14:24:18.686 [main] INFO  testCases.TC_003_LoginDataDrivenTest_DDT - *** Clicked on Login Link ***
14:24:18.687 [main] INFO  testCases.TC_003_LoginDataDrivenTest_DDT - *** Providing Login Details ***
14:24:19.075 [main] INFO  testCases.TC_003_LoginDataDrivenTest_DDT - *** Starting TC_LoginDataDrivenTest DDT ***
14:24:19.606 [main] INFO  testCases.TC_003_LoginDataDrivenTest_DDT - *** Clicked on Login Link ***
14:24:19.608 [main] INFO  testCases.TC_003_LoginDataDrivenTest_DDT - *** Providing Login Details ***
14:24:20.028 [main] INFO  testCases.TC_003_LoginDataDrivenTest_DDT - *** Starting TC_LoginDataDrivenTest DDT ***
14:24:20.586 [main] INFO  testCases.TC_003_LoginDataDrivenTest_DDT - *** Clicked on Login Link ***
14:24:20.588 [main] INFO  testCases.TC_003_LoginDataDrivenTest_DDT - *** Providing Login Details ***
14:26:20.634 [main] INFO  testCases.TC_002_LoginTest - *** Starting TC_002_LoginTest ****
14:26:21.958 [main] INFO  testCases.TC_002_LoginTest - *** Clicked on Login Link ***
14:26:21.961 [main] INFO  testCases.TC_002_LoginTest - *** Providing Login Details ***
14:28:28.000 [main] INFO  testCases.TC_002_LoginTest - *** Starting TC_002_LoginTest ****
14:28:28.894 [main] INFO  testCases.TC_002_LoginTest - *** Clicked on Login Link ***
14:28:28.897 [main] INFO  testCases.TC_002_LoginTest - *** Providing Login Details ***
14:38:05.541 [main] INFO  testCases.TC_002_LoginTest - *** Starting TC_002_LoginTest ****
14:38:06.862 [main] INFO  testCases.TC_002_LoginTest - *** Clicked on Login Link ***
14:38:06.865 [main] INFO  testCases.TC_002_LoginTest - *** Providing Login Details ***
14:41:01.011 [main] INFO  testCases.TC_002_LoginTest - *** Starting TC_002_LoginTest ****
14:41:02.396 [main] INFO  testCases.TC_002_LoginTest - *** Clicked on Login Link ***
14:41:02.399 [main] INFO  testCases.TC_002_LoginTest - *** Providing Login Details ***
14:42:37.060 [main] INFO  testCases.TC_002_LoginTest - *** Starting TC_002_LoginTest ****
14:42:38.395 [main] INFO  testCases.TC_002_LoginTest - *** Clicked on Login Link ***
14:42:38.398 [main] INFO  testCases.TC_002_LoginTest - *** Providing Login Details ***
14:47:19.497 [main] INFO  testCases.TC_002_LoginTest - *** Starting TC_002_LoginTest ****
14:47:20.826 [main] INFO  testCases.TC_002_LoginTest - *** Clicked on Login Link ***
14:47:20.829 [main] INFO  testCases.TC_002_LoginTest - *** Providing Login Details ***
14:49:15.761 [main] INFO  testCases.TC_001_AccountRegistrationTest - ***** TC_001_AccountRegistrationTest *****
14:49:17.163 [main] INFO  testCases.TC_001_AccountRegistrationTest - Clicked on register link
14:49:17.174 [main] INFO  testCases.TC_001_AccountRegistrationTest - Providing customer data
14:49:21.453 [main] INFO  testCases.TC_001_AccountRegistrationTest - Clicked on Register button
14:49:21.551 [main] INFO  testCases.TC_001_AccountRegistrationTest - Validating expected message
14:49:21.557 [main] INFO  testCases.TC_001_AccountRegistrationTest - ***  Finished TC_001_AccountRegistrationTest ***
14:49:27.007 [main] INFO  testCases.TC_002_LoginTest - *** Starting TC_002_LoginTest ****
14:49:28.258 [main] INFO  testCases.TC_002_LoginTest - *** Clicked on Login Link ***
14:49:28.261 [main] INFO  testCases.TC_002_LoginTest - *** Providing Login Details ***
14:53:30.774 [main] INFO  testCases.TC_002_LoginTest - *** Starting TC_002_LoginTest ****
14:53:32.094 [main] INFO  testCases.TC_002_LoginTest - *** Clicked on Login Link ***
14:53:32.097 [main] INFO  testCases.TC_002_LoginTest - *** Providing Login Details ***
14:59:53.011 [main] INFO  testCases.TC_002_LoginTest - *** Starting TC_002_LoginTest ****
14:59:54.310 [main] INFO  testCases.TC_002_LoginTest - *** Clicked on Login Link ***
14:59:54.313 [main] INFO  testCases.TC_002_LoginTest - *** Providing Login Details ***
15:10:29.516 [main] INFO  testCases.TC_001_AccountRegistrationTest - ***** TC_001_AccountRegistrationTest *****
15:10:30.871 [main] INFO  testCases.TC_001_AccountRegistrationTest - Clicked on register link
15:10:30.876 [main] INFO  testCases.TC_001_AccountRegistrationTest - Providing customer data
15:10:35.109 [main] INFO  testCases.TC_001_AccountRegistrationTest - Clicked on Register button
15:10:35.206 [main] INFO  testCases.TC_001_AccountRegistrationTest - Validating expected message
15:10:35.210 [main] INFO  testCases.TC_001_AccountRegistrationTest - ***  Finished TC_001_AccountRegistrationTest ***
15:10:40.604 [main] INFO  testCases.TC_002_LoginTest - *** Starting TC_002_LoginTest ****
15:10:41.889 [main] INFO  testCases.TC_002_LoginTest - *** Clicked on Login Link ***
15:10:41.891 [main] INFO  testCases.TC_002_LoginTest - *** Providing Login Details ***
15:25:01.399 [main] INFO  testCases.TC_001_AccountRegistrationTest - ***** TC_001_AccountRegistrationTest *****
15:25:02.699 [main] INFO  testCases.TC_001_AccountRegistrationTest - Clicked on register link
15:25:02.704 [main] INFO  testCases.TC_001_AccountRegistrationTest - Providing customer data
15:25:06.964 [main] INFO  testCases.TC_001_AccountRegistrationTest - Clicked on Register button
15:25:07.064 [main] INFO  testCases.TC_001_AccountRegistrationTest - Validating expected message
15:25:07.067 [main] INFO  testCases.TC_001_AccountRegistrationTest - ***  Finished TC_001_AccountRegistrationTest ***
15:25:12.200 [main] INFO  testCases.TC_002_LoginTest - *** Starting TC_002_LoginTest ****
15:25:13.410 [main] INFO  testCases.TC_002_LoginTest - *** Clicked on Login Link ***
15:25:13.414 [main] INFO  testCases.TC_002_LoginTest - *** Providing Login Details ***
15:27:37.114 [main] INFO  testCases.TC_002_LoginTest - *** Starting TC_002_LoginTest ****
15:27:38.400 [main] INFO  testCases.TC_002_LoginTest - *** Clicked on Login Link ***
15:27:38.404 [main] INFO  testCases.TC_002_LoginTest - *** Providing Login Details ***
15:32:01.606 [main] INFO  testCases.TC_002_LoginTest - *** Starting TC_002_LoginTest ****
15:32:02.929 [main] INFO  testCases.TC_002_LoginTest - *** Clicked on Login Link ***
15:32:02.932 [main] INFO  testCases.TC_002_LoginTest - *** Providing Login Details ***
15:51:25.948 [main] INFO  testCases.TC_002_LoginTest - *** Starting TC_002_LoginTest ****
15:51:27.265 [main] INFO  testCases.TC_002_LoginTest - *** Clicked on Login Link ***
15:51:27.267 [main] INFO  testCases.TC_002_LoginTest - *** Providing Login Details ***
15:53:16.042 [main] INFO  testCases.TC_002_LoginTest - *** Starting TC_002_LoginTest ****
15:53:16.862 [main] INFO  testCases.TC_002_LoginTest - *** Clicked on Login Link ***
15:53:16.864 [main] INFO  testCases.TC_002_LoginTest - *** Providing Login Details ***
16:00:54.150 [main] INFO  testCases.TC_002_LoginTest - *** Starting TC_002_LoginTest ****
16:00:55.425 [main] INFO  testCases.TC_002_LoginTest - *** Clicked on Login Link ***
16:00:55.427 [main] INFO  testCases.TC_002_LoginTest - *** Providing Login Details ***
16:06:59.629 [main] INFO  testCases.TC_002_LoginTest - *** Starting TC_002_LoginTest ****
16:07:01.456 [main] INFO  testCases.TC_002_LoginTest - *** Clicked on Login Link ***
16:07:01.458 [main] INFO  testCases.TC_002_LoginTest - *** Providing Login Details ***
16:20:20.145 [main] INFO  testCases.TC_002_LoginTest - *** Starting TC_002_LoginTest ****
16:20:21.771 [main] INFO  testCases.TC_002_LoginTest - *** Clicked on Login Link ***
16:20:21.775 [main] INFO  testCases.TC_002_LoginTest - *** Providing Login Details ***
16:20:23.703 [main] INFO  testCases.TC_002_LoginTest - *** Clicked on Login Button ***
16:20:23.703 [main] INFO  testCases.TC_002_LoginTest - *** Validate MyAccountPage after successful login ***
16:24:29.184 [main] INFO  testCases.TC_002_LoginTest - *** Starting TC_002_LoginTest ****
16:24:30.372 [main] INFO  testCases.TC_002_LoginTest - *** Clicked on Login Link ***
16:24:30.375 [main] INFO  testCases.TC_002_LoginTest - *** Providing Login Details ***
16:24:32.316 [main] INFO  testCases.TC_002_LoginTest - *** Clicked on Login Button ***
16:24:32.319 [main] INFO  testCases.TC_002_LoginTest - *** Validate MyAccountPage after successful login ***
16:24:32.629 [main] INFO  testCases.TC_002_LoginTest - *** Finished TC_002_Login ***
16:30:45.716 [main] INFO  testCases.TC_003_LoginDataDrivenTest_DDT - *** Starting TC_LoginDataDrivenTest DDT ***
16:30:48.107 [main] INFO  testCases.TC_003_LoginDataDrivenTest_DDT - *** Clicked on Login Link ***
16:30:48.110 [main] INFO  testCases.TC_003_LoginDataDrivenTest_DDT - *** Providing Login Details ***
16:30:50.408 [main] INFO  testCases.TC_003_LoginDataDrivenTest_DDT - *** Clicked on Login Button ***
16:30:51.785 [main] INFO  testCases.TC_003_LoginDataDrivenTest_DDT - *** Clicked on Logout Button ***
16:30:51.789 [main] INFO  testCases.TC_003_LoginDataDrivenTest_DDT - *** Finished TC_LoginDataDrivenTest DDT ***
16:30:51.848 [main] INFO  testCases.TC_003_LoginDataDrivenTest_DDT - *** Starting TC_LoginDataDrivenTest DDT ***
16:30:52.739 [main] INFO  testCases.TC_003_LoginDataDrivenTest_DDT - *** Clicked on Login Link ***
16:30:52.743 [main] INFO  testCases.TC_003_LoginDataDrivenTest_DDT - *** Providing Login Details ***
16:30:54.491 [main] INFO  testCases.TC_003_LoginDataDrivenTest_DDT - *** Clicked on Login Button ***
16:32:35.656 [main] INFO  testCases.TC_003_LoginDataDrivenTest_DDT - *** Starting TC_LoginDataDrivenTest DDT ***
16:32:37.125 [main] INFO  testCases.TC_003_LoginDataDrivenTest_DDT - *** Clicked on Login Link ***
16:32:37.130 [main] INFO  testCases.TC_003_LoginDataDrivenTest_DDT - *** Providing Login Details ***
16:32:38.683 [main] INFO  testCases.TC_003_LoginDataDrivenTest_DDT - *** Clicked on Login Button ***
16:52:10.050 [main] INFO  testCases.TC_002_LoginTest - *** Starting TC_002_LoginTest ****
16:52:11.746 [main] INFO  testCases.TC_002_LoginTest - *** Clicked on Login Link ***
16:52:11.750 [main] INFO  testCases.TC_002_LoginTest - *** Providing Login Details ***
16:52:13.582 [main] INFO  testCases.TC_002_LoginTest - *** Clicked on Login Button ***
16:52:13.584 [main] INFO  testCases.TC_002_LoginTest - *** Validate MyAccountPage after successful login ***
